<?xml version="1.0" encoding="UTF-8"?>
<testsuite xmlns:xsi="http://www.w3.org/2001/XMLSchema-instance" xsi:noNamespaceSchemaLocation="https://maven.apache.org/surefire/maven-surefire-plugin/xsd/surefire-test-report.xsd" name="eu.camillecroci.cst3130.coursework1.DAO.CinemaDAOTest" time="0.358" tests="1" errors="0" skipped="0" failures="0">
  <properties>
[...]
</properties>
  <testcase name="testGetCinemasByCompanyName" classname="eu.camillecroci.cst3130.coursework1.DAO.CinemaDAOTest" time="0.063"/>
</testsuite>